# do {tb_Line_Shift_RAM_compile.do}
# ** Warning: (vlib-34) Library already exists at "modelsim_lib/work".
# ** Warning: (vlib-34) Library already exists at "modelsim_lib/msim".
# ** Warning: (vlib-34) Library already exists at "modelsim_lib/msim/xil_defaultlib".
# Model Technology ModelSim SE-64 vmap 10.5 Lib Mapping Utility 2016.02 Feb 13 2016
# vmap xil_defaultlib modelsim_lib/msim/xil_defaultlib 
# Modifying C:\SIM_DATA\M2020_V2022\modelsim.ini
# Model Technology ModelSim SE-64 vlog 10.5 Compiler 2016.02 Feb 13 2016
# Start time: 15:22:47 on Jan 02,2024
# vlog -incr -mfcu -work xil_defaultlib ../../../../../../rtl/Line_Shift_RAM.v ../../../../../../sim/tb_Line_Shift_RAM.v 
# -- Compiling module Line_Shift_RAM
# -- Skipping module tb_Line_Shift_RAM
# 
# Top level modules:
# 	tb_Line_Shift_RAM
# End time: 15:22:47 on Jan 02,2024, Elapsed time: 0:00:00
# Errors: 0, Warnings: 0
# Model Technology ModelSim SE-64 vlog 10.5 Compiler 2016.02 Feb 13 2016
# Start time: 15:22:47 on Jan 02,2024
# vlog -work xil_defaultlib glbl.v 
# -- Compiling module glbl
# 
# Top level modules:
# 	glbl
# End time: 15:22:47 on Jan 02,2024, Elapsed time: 0:00:00
# Errors: 0, Warnings: 0
