
*** Running vivado
    with args -log bayer2rgb_3x3.vds -m64 -product Vivado -mode batch -messageDb vivado.pb -notrace -source bayer2rgb_3x3.tcl



****** Vivado v2022.2 (64-bit)
  **** SW Build 3671981 on Fri Oct 14 05:00:03 MDT 2022
  **** IP Build 3669848 on Fri Oct 14 08:30:02 MDT 2022
    ** Copyright 1986-2022 Xilinx, Inc. All Rights Reserved.

source bayer2rgb_3x3.tcl -notrace
Command: read_checkpoint -auto_incremental -incremental D:/three_verilog/fpga_IP_define/Bayer2RGB/prj/bayer2rgb_3x3/bayer2rgb_3x3.srcs/utils_1/imports/synth_1/bayer2rgb_3x3.dcp
INFO: [Vivado 12-5825] Read reference checkpoint from D:/three_verilog/fpga_IP_define/Bayer2RGB/prj/bayer2rgb_3x3/bayer2rgb_3x3.srcs/utils_1/imports/synth_1/bayer2rgb_3x3.dcp for incremental synthesis
INFO: [Vivado 12-7989] Please ensure there are no constraint changes
Command: synth_design -top bayer2rgb_3x3 -part xc7z020clg400-1
Starting synth_design
Attempting to get a license for feature 'Synthesis' and/or device 'xc7z020'
INFO: [Common 17-349] Got license for feature 'Synthesis' and/or device 'xc7z020'
INFO: [Designutils 20-5440] No compile time benefit to using incremental synthesis; A full resynthesis will be run
INFO: [Designutils 20-4379] Flow is switching to default flow due to incremental criteria not met. If you would like to alter this behaviour and have the flow terminate instead, please set the following parameter config_implementation {autoIncr.Synth.RejectBehavior Terminate}
INFO: [Synth 8-7079] Multithreading enabled for synth_design using a maximum of 2 processes.
INFO: [Synth 8-7078] Launching helper process for spawning children vivado processes
INFO: [Synth 8-7075] Helper process launched with PID 22860
INFO: [Synth 8-11241] undeclared symbol 'REGCCE', assumed default net type 'wire' [C:/Xilinx/Vivado/2022.2/data/verilog/src/unimacro/BRAM_SINGLE_MACRO.v:2170]
---------------------------------------------------------------------------------
Starting Synthesize : Time (s): cpu = 00:00:01 ; elapsed = 00:00:04 . Memory (MB): peak = 1835.004 ; gain = 408.129
---------------------------------------------------------------------------------
INFO: [Synth 8-6157] synthesizing module 'bayer2rgb_3x3' [D:/three_verilog/fpga_IP_define/Bayer2RGB/RTL/bayer2rgb_3x3.v:1]
INFO: [Synth 8-6157] synthesizing module 'Line_Shift_RAM' [D:/three_verilog/fpga_IP_define/Bayer2RGB/RTL/Line_Shift_RAM.v:1]
	Parameter DATA_WIDTH bound to: 8 - type: integer 
	Parameter ADDR_WIDTH bound to: 11 - type: integer 
	Parameter DATA_DEPTH bound to: 2048 - type: integer 
INFO: [Synth 8-6155] done synthesizing module 'Line_Shift_RAM' (0#1) [D:/three_verilog/fpga_IP_define/Bayer2RGB/RTL/Line_Shift_RAM.v:1]
INFO: [Synth 8-6155] done synthesizing module 'bayer2rgb_3x3' (0#1) [D:/three_verilog/fpga_IP_define/Bayer2RGB/RTL/bayer2rgb_3x3.v:1]
WARNING: [Synth 8-6014] Unused sequential element H_Addr_reg was removed.  [D:/three_verilog/fpga_IP_define/Bayer2RGB/RTL/bayer2rgb_3x3.v:68]
WARNING: [Synth 8-6014] Unused sequential element V_Addr_reg was removed.  [D:/three_verilog/fpga_IP_define/Bayer2RGB/RTL/bayer2rgb_3x3.v:69]
---------------------------------------------------------------------------------
Finished Synthesize : Time (s): cpu = 00:00:02 ; elapsed = 00:00:06 . Memory (MB): peak = 1927.094 ; gain = 500.219
---------------------------------------------------------------------------------
---------------------------------------------------------------------------------
Finished Constraint Validation : Time (s): cpu = 00:00:02 ; elapsed = 00:00:06 . Memory (MB): peak = 1927.094 ; gain = 500.219
---------------------------------------------------------------------------------
---------------------------------------------------------------------------------
Start Loading Part and Timing Information
---------------------------------------------------------------------------------
Loading part: xc7z020clg400-1
---------------------------------------------------------------------------------
Finished Loading Part and Timing Information : Time (s): cpu = 00:00:02 ; elapsed = 00:00:06 . Memory (MB): peak = 1927.094 ; gain = 500.219
---------------------------------------------------------------------------------
INFO: [Device 21-403] Loading part xc7z020clg400-1
WARNING: [Synth 8-327] inferring latch for variable 'wr_data_0_reg' [D:/three_verilog/fpga_IP_define/Bayer2RGB/RTL/bayer2rgb_3x3.v:130]
---------------------------------------------------------------------------------
Finished RTL Optimization Phase 2 : Time (s): cpu = 00:00:02 ; elapsed = 00:00:07 . Memory (MB): peak = 1927.094 ; gain = 500.219
---------------------------------------------------------------------------------
No constraint files found.
---------------------------------------------------------------------------------
Start RTL Component Statistics 
---------------------------------------------------------------------------------
Detailed RTL Component Info : 
+---Adders : 
	   2 Input   11 Bit       Adders := 8     
	   4 Input   10 Bit       Adders := 2     
	   2 Input    9 Bit       Adders := 4     
+---Registers : 
	               11 Bit    Registers := 9     
	                8 Bit    Registers := 6     
	                1 Bit    Registers := 4     
+---Muxes : 
	   2 Input   11 Bit        Muxes := 11    
	   4 Input   11 Bit        Muxes := 3     
	   2 Input    8 Bit        Muxes := 2     
	   2 Input    2 Bit        Muxes := 2     
	   2 Input    1 Bit        Muxes := 6     
---------------------------------------------------------------------------------
Finished RTL Component Statistics 
---------------------------------------------------------------------------------
---------------------------------------------------------------------------------
Start Part Resource Summary
---------------------------------------------------------------------------------
Part Resources:
DSPs: 220 (col length:60)
BRAMs: 280 (col length: RAMB18 60 RAMB36 30)
---------------------------------------------------------------------------------
Finished Part Resource Summary
---------------------------------------------------------------------------------
No constraint files found.
---------------------------------------------------------------------------------
Start Cross Boundary and Area Optimization
---------------------------------------------------------------------------------
WARNING: [Synth 8-7080] Parallel synthesis criteria is not met
WARNING: [Synth 8-3332] Sequential element (wr_data_0_reg[7]) is unused and will be removed from module bayer2rgb_3x3.
WARNING: [Synth 8-3332] Sequential element (wr_data_0_reg[6]) is unused and will be removed from module bayer2rgb_3x3.
WARNING: [Synth 8-3332] Sequential element (wr_data_0_reg[5]) is unused and will be removed from module bayer2rgb_3x3.
WARNING: [Synth 8-3332] Sequential element (wr_data_0_reg[4]) is unused and will be removed from module bayer2rgb_3x3.
WARNING: [Synth 8-3332] Sequential element (wr_data_0_reg[3]) is unused and will be removed from module bayer2rgb_3x3.
WARNING: [Synth 8-3332] Sequential element (wr_data_0_reg[2]) is unused and will be removed from module bayer2rgb_3x3.
WARNING: [Synth 8-3332] Sequential element (wr_data_0_reg[1]) is unused and will be removed from module bayer2rgb_3x3.
WARNING: [Synth 8-3332] Sequential element (wr_data_0_reg[0]) is unused and will be removed from module bayer2rgb_3x3.
---------------------------------------------------------------------------------
Finished Cross Boundary and Area Optimization : Time (s): cpu = 00:00:04 ; elapsed = 00:00:14 . Memory (MB): peak = 2146.121 ; gain = 719.246
---------------------------------------------------------------------------------
---------------------------------------------------------------------------------
Start ROM, RAM, DSP, Shift Register and Retiming Reporting
---------------------------------------------------------------------------------

Distributed RAM: Preliminary Mapping Report (see note below)
+--------------+-----------------------------+-----------+----------------------+--------------+
|Module Name   | RTL Object                  | Inference | Size (Depth x Width) | Primitives   | 
+--------------+-----------------------------+-----------+----------------------+--------------+
|bayer2rgb_3x3 | u1_Line_Shift_RAM/r_ram_reg | Implied   | 2 K x 8              | RAM64M x 96  | 
|bayer2rgb_3x3 | u0_Line_Shift_RAM/r_ram_reg | Implied   | 2 K x 8              | RAM64M x 96  | 
+--------------+-----------------------------+-----------+----------------------+--------------+

Note: The table above is a preliminary report that shows the Distributed RAMs at the current stage of the synthesis flow. Some Distributed RAMs may be reimplemented as non Distributed RAM primitives later in the synthesis flow. Multiple instantiated RAMs are reported only once.
---------------------------------------------------------------------------------
Finished ROM, RAM, DSP, Shift Register and Retiming Reporting
---------------------------------------------------------------------------------
No constraint files found.
---------------------------------------------------------------------------------
Start Timing Optimization
---------------------------------------------------------------------------------
---------------------------------------------------------------------------------
Finished Timing Optimization : Time (s): cpu = 00:00:04 ; elapsed = 00:00:14 . Memory (MB): peak = 2146.121 ; gain = 719.246
---------------------------------------------------------------------------------
---------------------------------------------------------------------------------
Start ROM, RAM, DSP, Shift Register and Retiming Reporting
---------------------------------------------------------------------------------

Distributed RAM: Final Mapping Report
+--------------+-----------------------------+-----------+----------------------+--------------+
|Module Name   | RTL Object                  | Inference | Size (Depth x Width) | Primitives   | 
+--------------+-----------------------------+-----------+----------------------+--------------+
|bayer2rgb_3x3 | u1_Line_Shift_RAM/r_ram_reg | Implied   | 2 K x 8              | RAM64M x 96  | 
|bayer2rgb_3x3 | u0_Line_Shift_RAM/r_ram_reg | Implied   | 2 K x 8              | RAM64M x 96  | 
+--------------+-----------------------------+-----------+----------------------+--------------+

---------------------------------------------------------------------------------
Finished ROM, RAM, DSP, Shift Register and Retiming Reporting
---------------------------------------------------------------------------------
---------------------------------------------------------------------------------
Start Technology Mapping
---------------------------------------------------------------------------------
---------------------------------------------------------------------------------
Finished Technology Mapping : Time (s): cpu = 00:00:04 ; elapsed = 00:00:14 . Memory (MB): peak = 2146.121 ; gain = 719.246
---------------------------------------------------------------------------------
---------------------------------------------------------------------------------
Start IO Insertion
---------------------------------------------------------------------------------
---------------------------------------------------------------------------------
Start Flattening Before IO Insertion
---------------------------------------------------------------------------------
---------------------------------------------------------------------------------
Finished Flattening Before IO Insertion
---------------------------------------------------------------------------------
---------------------------------------------------------------------------------
Start Final Netlist Cleanup
---------------------------------------------------------------------------------
---------------------------------------------------------------------------------
Finished Final Netlist Cleanup
---------------------------------------------------------------------------------
---------------------------------------------------------------------------------
Finished IO Insertion : Time (s): cpu = 00:00:06 ; elapsed = 00:00:18 . Memory (MB): peak = 2146.121 ; gain = 719.246
---------------------------------------------------------------------------------
---------------------------------------------------------------------------------
Start Renaming Generated Instances
---------------------------------------------------------------------------------
---------------------------------------------------------------------------------
Finished Renaming Generated Instances : Time (s): cpu = 00:00:06 ; elapsed = 00:00:18 . Memory (MB): peak = 2146.121 ; gain = 719.246
---------------------------------------------------------------------------------
---------------------------------------------------------------------------------
Start Rebuilding User Hierarchy
---------------------------------------------------------------------------------
---------------------------------------------------------------------------------
Finished Rebuilding User Hierarchy : Time (s): cpu = 00:00:06 ; elapsed = 00:00:18 . Memory (MB): peak = 2146.121 ; gain = 719.246
---------------------------------------------------------------------------------
---------------------------------------------------------------------------------
Start Renaming Generated Ports
---------------------------------------------------------------------------------
---------------------------------------------------------------------------------
Finished Renaming Generated Ports : Time (s): cpu = 00:00:06 ; elapsed = 00:00:18 . Memory (MB): peak = 2146.121 ; gain = 719.246
---------------------------------------------------------------------------------
---------------------------------------------------------------------------------
Start Handling Custom Attributes
---------------------------------------------------------------------------------
---------------------------------------------------------------------------------
Finished Handling Custom Attributes : Time (s): cpu = 00:00:06 ; elapsed = 00:00:18 . Memory (MB): peak = 2146.121 ; gain = 719.246
---------------------------------------------------------------------------------
---------------------------------------------------------------------------------
Start Renaming Generated Nets
---------------------------------------------------------------------------------
---------------------------------------------------------------------------------
Finished Renaming Generated Nets : Time (s): cpu = 00:00:06 ; elapsed = 00:00:18 . Memory (MB): peak = 2146.121 ; gain = 719.246
---------------------------------------------------------------------------------
---------------------------------------------------------------------------------
Start Writing Synthesis Report
---------------------------------------------------------------------------------

Report BlackBoxes: 
+-+--------------+----------+
| |BlackBox name |Instances |
+-+--------------+----------+
+-+--------------+----------+

Report Cell Usage: 
+------+-------+------+
|      |Cell   |Count |
+------+-------+------+
|1     |BUFG   |     1|
|2     |CARRY4 |    15|
|3     |LUT1   |    11|
|4     |LUT2   |    61|
|5     |LUT3   |    67|
|6     |LUT4   |    46|
|7     |LUT5   |    35|
|8     |LUT6   |   287|
|9     |MUXF7  |    64|
|10    |RAM64M |   192|
|11    |FDCE   |   127|
|12    |FDRE   |    51|
|13    |IBUF   |    13|
|14    |OBUF   |    27|
+------+-------+------+

Report Instance Areas: 
+------+--------------------+-----------------+------+
|      |Instance            |Module           |Cells |
+------+--------------------+-----------------+------+
|1     |top                 |                 |   997|
|2     |  u0_Line_Shift_RAM |Line_Shift_RAM   |   350|
|3     |  u1_Line_Shift_RAM |Line_Shift_RAM_0 |   383|
+------+--------------------+-----------------+------+
---------------------------------------------------------------------------------
Finished Writing Synthesis Report : Time (s): cpu = 00:00:06 ; elapsed = 00:00:18 . Memory (MB): peak = 2146.121 ; gain = 719.246
---------------------------------------------------------------------------------
Synthesis finished with 0 errors, 0 critical warnings and 12 warnings.
Synthesis Optimization Runtime : Time (s): cpu = 00:00:06 ; elapsed = 00:00:18 . Memory (MB): peak = 2146.121 ; gain = 719.246
Synthesis Optimization Complete : Time (s): cpu = 00:00:06 ; elapsed = 00:00:18 . Memory (MB): peak = 2146.121 ; gain = 719.246
INFO: [Project 1-571] Translating synthesized netlist
Netlist sorting complete. Time (s): cpu = 00:00:00 ; elapsed = 00:00:00.013 . Memory (MB): peak = 2154.816 ; gain = 0.000
INFO: [Netlist 29-17] Analyzing 271 Unisim elements for replacement
INFO: [Netlist 29-28] Unisim Transformation completed in 0 CPU seconds
INFO: [Project 1-570] Preparing netlist for logic optimization
INFO: [Opt 31-138] Pushed 0 inverter(s) to 0 load pin(s).
Netlist sorting complete. Time (s): cpu = 00:00:00 ; elapsed = 00:00:00.001 . Memory (MB): peak = 2259.488 ; gain = 0.000
INFO: [Project 1-111] Unisim Transformation Summary:
  A total of 192 instances were transformed.
  RAM64M => RAM64M (RAMD64E(x4)): 192 instances

Synth Design complete, checksum: edb5ef7d
INFO: [Common 17-83] Releasing license: Synthesis
21 Infos, 12 Warnings, 0 Critical Warnings and 0 Errors encountered.
synth_design completed successfully
synth_design: Time (s): cpu = 00:00:07 ; elapsed = 00:00:20 . Memory (MB): peak = 2259.488 ; gain = 842.414
INFO: [Common 17-1381] The checkpoint 'D:/three_verilog/fpga_IP_define/Bayer2RGB/prj/bayer2rgb_3x3/bayer2rgb_3x3.runs/synth_1/bayer2rgb_3x3.dcp' has been generated.
INFO: [runtcl-4] Executing : report_utilization -file bayer2rgb_3x3_utilization_synth.rpt -pb bayer2rgb_3x3_utilization_synth.pb
INFO: [Common 17-206] Exiting Vivado at Fri Jan  5 13:08:22 2024...
